Analysis & Synthesis report for vga_demo
Fri Nov 22 18:22:57 2024
Quartus Prime Version 18.0.0 Build 614 04/24/2018 SJ Standard Edition


---------------------
; Table of Contents ;
---------------------
  1. Legal Notice
  2. Analysis & Synthesis Summary
  3. Analysis & Synthesis Settings
  4. Parallel Compilation
  5. Analysis & Synthesis Messages



----------------
; Legal Notice ;
----------------
Copyright (C) 2018  Intel Corporation. All rights reserved.
Your use of Intel Corporation's design tools, logic functions 
and other software and tools, and its AMPP partner logic 
functions, and any output files from any of the foregoing 
(including device programming or simulation files), and any 
associated documentation or information are expressly subject 
to the terms and conditions of the Intel Program License 
Subscription Agreement, the Intel Quartus Prime License Agreement,
the Intel FPGA IP License Agreement, or other applicable license
agreement, including, without limitation, that your use is for
the sole purpose of programming logic devices manufactured by
Intel and sold by Intel or its authorized distributors.  Please
refer to the applicable agreement for further details.



+-------------------------------------------------------------------------------+
; Analysis & Synthesis Summary                                                  ;
+-----------------------------+-------------------------------------------------+
; Analysis & Synthesis Status ; Failed - Fri Nov 22 18:22:57 2024               ;
; Quartus Prime Version       ; 18.0.0 Build 614 04/24/2018 SJ Standard Edition ;
; Revision Name               ; vga_demo                                        ;
; Top-level Entity Name       ; vga_demo                                        ;
; Family                      ; Cyclone V                                       ;
; Logic utilization (in ALMs) ; N/A until Partition Merge                       ;
; Total registers             ; N/A until Partition Merge                       ;
; Total pins                  ; N/A until Partition Merge                       ;
; Total virtual pins          ; N/A until Partition Merge                       ;
; Total block memory bits     ; N/A until Partition Merge                       ;
; Total PLLs                  ; N/A until Partition Merge                       ;
; Total DLLs                  ; N/A until Partition Merge                       ;
+-----------------------------+-------------------------------------------------+


+---------------------------------------------------------------------------------------------------------------------------+
; Analysis & Synthesis Settings                                                                                             ;
+---------------------------------------------------------------------------------+--------------------+--------------------+
; Option                                                                          ; Setting            ; Default Value      ;
+---------------------------------------------------------------------------------+--------------------+--------------------+
; Device                                                                          ; 5CSEMA5F31C6       ;                    ;
; Top-level entity name                                                           ; vga_demo           ; vga_demo           ;
; Family name                                                                     ; Cyclone V          ; Cyclone V          ;
; Use smart compilation                                                           ; Off                ; Off                ;
; Enable parallel Assembler and Timing Analyzer during compilation                ; On                 ; On                 ;
; Enable compact report table                                                     ; Off                ; Off                ;
; Restructure Multiplexers                                                        ; Auto               ; Auto               ;
; MLAB Add Timing Constraints For Mixed-Port Feed-Through Mode Setting Don't Care ; Off                ; Off                ;
; Create Debugging Nodes for IP Cores                                             ; Off                ; Off                ;
; Preserve fewer node names                                                       ; On                 ; On                 ;
; Intel FPGA IP Evaluation Mode                                                   ; Enable             ; Enable             ;
; Verilog Version                                                                 ; Verilog_2001       ; Verilog_2001       ;
; VHDL Version                                                                    ; VHDL_1993          ; VHDL_1993          ;
; State Machine Processing                                                        ; Auto               ; Auto               ;
; Safe State Machine                                                              ; Off                ; Off                ;
; Extract Verilog State Machines                                                  ; On                 ; On                 ;
; Extract VHDL State Machines                                                     ; On                 ; On                 ;
; Ignore Verilog initial constructs                                               ; Off                ; Off                ;
; Iteration limit for constant Verilog loops                                      ; 5000               ; 5000               ;
; Iteration limit for non-constant Verilog loops                                  ; 250                ; 250                ;
; Add Pass-Through Logic to Inferred RAMs                                         ; On                 ; On                 ;
; Infer RAMs from Raw Logic                                                       ; On                 ; On                 ;
; Parallel Synthesis                                                              ; On                 ; On                 ;
; DSP Block Balancing                                                             ; Auto               ; Auto               ;
; NOT Gate Push-Back                                                              ; On                 ; On                 ;
; Power-Up Don't Care                                                             ; On                 ; On                 ;
; Remove Redundant Logic Cells                                                    ; Off                ; Off                ;
; Remove Duplicate Registers                                                      ; On                 ; On                 ;
; Ignore CARRY Buffers                                                            ; Off                ; Off                ;
; Ignore CASCADE Buffers                                                          ; Off                ; Off                ;
; Ignore GLOBAL Buffers                                                           ; Off                ; Off                ;
; Ignore ROW GLOBAL Buffers                                                       ; Off                ; Off                ;
; Ignore LCELL Buffers                                                            ; Off                ; Off                ;
; Ignore SOFT Buffers                                                             ; On                 ; On                 ;
; Limit AHDL Integers to 32 Bits                                                  ; Off                ; Off                ;
; Optimization Technique                                                          ; Balanced           ; Balanced           ;
; Carry Chain Length                                                              ; 70                 ; 70                 ;
; Auto Carry Chains                                                               ; On                 ; On                 ;
; Auto Open-Drain Pins                                                            ; On                 ; On                 ;
; Perform WYSIWYG Primitive Resynthesis                                           ; Off                ; Off                ;
; Auto ROM Replacement                                                            ; On                 ; On                 ;
; Auto RAM Replacement                                                            ; On                 ; On                 ;
; Auto DSP Block Replacement                                                      ; On                 ; On                 ;
; Auto Shift Register Replacement                                                 ; Auto               ; Auto               ;
; Allow Shift Register Merging across Hierarchies                                 ; Auto               ; Auto               ;
; Auto Clock Enable Replacement                                                   ; On                 ; On                 ;
; Strict RAM Replacement                                                          ; Off                ; Off                ;
; Allow Synchronous Control Signals                                               ; On                 ; On                 ;
; Force Use of Synchronous Clear Signals                                          ; Off                ; Off                ;
; Auto Resource Sharing                                                           ; Off                ; Off                ;
; Allow Any RAM Size For Recognition                                              ; Off                ; Off                ;
; Allow Any ROM Size For Recognition                                              ; Off                ; Off                ;
; Allow Any Shift Register Size For Recognition                                   ; Off                ; Off                ;
; Use LogicLock Constraints during Resource Balancing                             ; On                 ; On                 ;
; Ignore translate_off and synthesis_off directives                               ; Off                ; Off                ;
; Timing-Driven Synthesis                                                         ; On                 ; On                 ;
; Report Parameter Settings                                                       ; On                 ; On                 ;
; Report Source Assignments                                                       ; On                 ; On                 ;
; Report Connectivity Checks                                                      ; On                 ; On                 ;
; Ignore Maximum Fan-Out Assignments                                              ; Off                ; Off                ;
; Synchronization Register Chain Length                                           ; 3                  ; 3                  ;
; Power Optimization During Synthesis                                             ; Normal compilation ; Normal compilation ;
; HDL message level                                                               ; Level2             ; Level2             ;
; Suppress Register Optimization Related Messages                                 ; Off                ; Off                ;
; Number of Removed Registers Reported in Synthesis Report                        ; 5000               ; 5000               ;
; Number of Swept Nodes Reported in Synthesis Report                              ; 5000               ; 5000               ;
; Number of Inverted Registers Reported in Synthesis Report                       ; 100                ; 100                ;
; Clock MUX Protection                                                            ; On                 ; On                 ;
; Auto Gated Clock Conversion                                                     ; Off                ; Off                ;
; Block Design Naming                                                             ; Auto               ; Auto               ;
; SDC constraint protection                                                       ; Off                ; Off                ;
; Synthesis Effort                                                                ; Auto               ; Auto               ;
; Shift Register Replacement - Allow Asynchronous Clear Signal                    ; On                 ; On                 ;
; Pre-Mapping Resynthesis Optimization                                            ; Off                ; Off                ;
; Analysis & Synthesis Message Level                                              ; Medium             ; Medium             ;
; Disable Register Merging Across Hierarchies                                     ; Auto               ; Auto               ;
; Resource Aware Inference For Block RAM                                          ; On                 ; On                 ;
; Automatic Parallel Synthesis                                                    ; On                 ; On                 ;
; Partial Reconfiguration Bitstream ID                                            ; Off                ; Off                ;
+---------------------------------------------------------------------------------+--------------------+--------------------+


+------------------------------------------+
; Parallel Compilation                     ;
+----------------------------+-------------+
; Processors                 ; Number      ;
+----------------------------+-------------+
; Number detected on machine ; 28          ;
; Maximum allowed            ; 16          ;
;                            ;             ;
; Average used               ; 1.00        ;
; Maximum used               ; 1           ;
;                            ;             ;
; Usage by Processor         ; % Time Used ;
;     Processor 1            ; 100.0%      ;
+----------------------------+-------------+


+-------------------------------+
; Analysis & Synthesis Messages ;
+-------------------------------+
Info: *******************************************************************
Info: Running Quartus Prime Analysis & Synthesis
    Info: Version 18.0.0 Build 614 04/24/2018 SJ Standard Edition
    Info: Processing started: Fri Nov 22 18:22:53 2024
Info: Command: quartus_map --read_settings_files=on --write_settings_files=off vga_demo -c vga_demo
Warning (18236): Number of processors has not been specified which may cause overloading on shared machines.  Set the global assignment NUM_PARALLEL_PROCESSORS in your QSF to an appropriate value for best performance.
Info (20030): Parallel compilation is enabled and will use 16 of the 20 processors detected
Warning (12019): Can't analyze file -- file vga_adapter/vga_pll.v is missing
Warning (12019): Can't analyze file -- file vga_adapter/vga_adapter.v is missing
Warning (12019): Can't analyze file -- file vga_adapter/vga_address_translator.v is missing
Warning (12019): Can't analyze file -- file vga_adapter/vga_controller.v is missing
Info (12021): Found 5 design units, including 5 entities, in source file vga_demo.v
    Info (12023): Found entity 1: PianoKey File: C:/Users/changga8/MusicStudio-master (5)/MusicStudio-master/vga_demo.v Line: 11
    Info (12023): Found entity 2: vga_demo File: C:/Users/changga8/MusicStudio-master (5)/MusicStudio-master/vga_demo.v Line: 71
    Info (12023): Found entity 3: regn File: C:/Users/changga8/MusicStudio-master (5)/MusicStudio-master/vga_demo.v Line: 195
    Info (12023): Found entity 4: count File: C:/Users/changga8/MusicStudio-master (5)/MusicStudio-master/vga_demo.v Line: 208
    Info (12023): Found entity 5: hex7seg File: C:/Users/changga8/MusicStudio-master (5)/MusicStudio-master/vga_demo.v Line: 224
Info (12021): Found 1 design units, including 1 entities, in source file object_mem.v
    Info (12023): Found entity 1: object_mem File: C:/Users/changga8/MusicStudio-master (5)/MusicStudio-master/object_mem.v Line: 39
Info (12127): Elaborating entity "vga_demo" for the top level hierarchy
Info (10264): Verilog HDL Case Statement information at vga_demo.v(127): all case item expressions in this case statement are onehot File: C:/Users/changga8/MusicStudio-master (5)/MusicStudio-master/vga_demo.v Line: 127
Warning (10034): Output port "HEX3" at vga_demo.v(78) has no driver File: C:/Users/changga8/MusicStudio-master (5)/MusicStudio-master/vga_demo.v Line: 78
Warning (10034): Output port "HEX2" at vga_demo.v(78) has no driver File: C:/Users/changga8/MusicStudio-master (5)/MusicStudio-master/vga_demo.v Line: 78
Warning (10034): Output port "HEX1" at vga_demo.v(78) has no driver File: C:/Users/changga8/MusicStudio-master (5)/MusicStudio-master/vga_demo.v Line: 78
Warning (10034): Output port "HEX0" at vga_demo.v(78) has no driver File: C:/Users/changga8/MusicStudio-master (5)/MusicStudio-master/vga_demo.v Line: 78
Info (12128): Elaborating entity "PianoKey" for hierarchy "PianoKey:myKey1" File: C:/Users/changga8/MusicStudio-master (5)/MusicStudio-master/vga_demo.v Line: 111
Info (12128): Elaborating entity "count" for hierarchy "PianoKey:myKey1|count:U3" File: C:/Users/changga8/MusicStudio-master (5)/MusicStudio-master/vga_demo.v Line: 34
Warning (10230): Verilog HDL assignment warning at vga_demo.v(220): truncated value with size 32 to match size of target (5) File: C:/Users/changga8/MusicStudio-master (5)/MusicStudio-master/vga_demo.v Line: 220
Info (12128): Elaborating entity "regn" for hierarchy "PianoKey:myKey1|regn:U5" File: C:/Users/changga8/MusicStudio-master (5)/MusicStudio-master/vga_demo.v Line: 38
Info (12128): Elaborating entity "count" for hierarchy "PianoKey:myKey1|count:U4" File: C:/Users/changga8/MusicStudio-master (5)/MusicStudio-master/vga_demo.v Line: 40
Warning (10230): Verilog HDL assignment warning at vga_demo.v(220): truncated value with size 32 to match size of target (7) File: C:/Users/changga8/MusicStudio-master (5)/MusicStudio-master/vga_demo.v Line: 220
Warning (12125): Using design file key_off.v, which is not specified as a design file for the current project, but contains definitions for 1 design units and 1 entities in project
    Info (12023): Found entity 1: key_off File: C:/Users/changga8/MusicStudio-master (5)/MusicStudio-master/key_off.v Line: 39
Info (12128): Elaborating entity "key_off" for hierarchy "PianoKey:myKey1|key_off:U6" File: C:/Users/changga8/MusicStudio-master (5)/MusicStudio-master/vga_demo.v Line: 50
Info (12128): Elaborating entity "altsyncram" for hierarchy "PianoKey:myKey1|key_off:U6|altsyncram:altsyncram_component" File: C:/Users/changga8/MusicStudio-master (5)/MusicStudio-master/key_off.v Line: 81
Info (12130): Elaborated megafunction instantiation "PianoKey:myKey1|key_off:U6|altsyncram:altsyncram_component" File: C:/Users/changga8/MusicStudio-master (5)/MusicStudio-master/key_off.v Line: 81
Info (12133): Instantiated megafunction "PianoKey:myKey1|key_off:U6|altsyncram:altsyncram_component" with the following parameter: File: C:/Users/changga8/MusicStudio-master (5)/MusicStudio-master/key_off.v Line: 81
    Info (12134): Parameter "address_aclr_a" = "NONE"
    Info (12134): Parameter "clock_enable_input_a" = "BYPASS"
    Info (12134): Parameter "clock_enable_output_a" = "BYPASS"
    Info (12134): Parameter "init_file" = "./VGA stuff/key_off.mif"
    Info (12134): Parameter "intended_device_family" = "Cyclone V"
    Info (12134): Parameter "lpm_hint" = "ENABLE_RUNTIME_MOD=NO"
    Info (12134): Parameter "lpm_type" = "altsyncram"
    Info (12134): Parameter "numwords_a" = "1024"
    Info (12134): Parameter "operation_mode" = "ROM"
    Info (12134): Parameter "outdata_aclr_a" = "NONE"
    Info (12134): Parameter "outdata_reg_a" = "UNREGISTERED"
    Info (12134): Parameter "widthad_a" = "10"
    Info (12134): Parameter "width_a" = "3"
    Info (12134): Parameter "width_byteena_a" = "1"
Info (12021): Found 1 design units, including 1 entities, in source file db/altsyncram_8bh1.tdf
    Info (12023): Found entity 1: altsyncram_8bh1 File: C:/Users/changga8/MusicStudio-master (5)/MusicStudio-master/db/altsyncram_8bh1.tdf Line: 27
Info (12128): Elaborating entity "altsyncram_8bh1" for hierarchy "PianoKey:myKey1|key_off:U6|altsyncram:altsyncram_component|altsyncram_8bh1:auto_generated" File: c:/desl/quartus18/quartus/libraries/megafunctions/altsyncram.tdf Line: 791
Error (127001): Can't find Memory Initialization File or Hexadecimal (Intel-Format) File ./VGA stuff/key_off.mif for ROM instance ALTSYNCRAM File: C:/Users/changga8/MusicStudio-master (5)/MusicStudio-master/key_off.v Line: 81
Error (12152): Can't elaborate user hierarchy "PianoKey:myKey1|key_off:U6|altsyncram:altsyncram_component|altsyncram_8bh1:auto_generated" File: c:/desl/quartus18/quartus/libraries/megafunctions/altsyncram.tdf Line: 791
Error: Quartus Prime Analysis & Synthesis was unsuccessful. 2 errors, 12 warnings
    Error: Peak virtual memory: 4792 megabytes
    Error: Processing ended: Fri Nov 22 18:22:58 2024
    Error: Elapsed time: 00:00:05
    Error: Total CPU time (on all processors): 00:00:10


